<?xml version="1.0" encoding="UTF-8"?>
<!-- Generated by org.testng.reporters.JUnitReportReporter -->
<testsuite skipped="0" hostname="DESKTOP-OI89NK9" name="TelnetExample" tests="1" failures="0" timestamp="16 Jul 2017 10:10:18 GMT" time="0.110" errors="0">
  <testcase name="CreateConnection" time="0.110" classname="TelnetExample"/>
</testsuite> <!-- TelnetExample -->
