<?xml version="1.0" encoding="UTF-8"?>
<!-- Generated by org.testng.reporters.JUnitReportReporter -->
<testsuite skipped="0" hostname="DESKTOP-OI89NK9" name="MyFirstExample" tests="2" failures="0" timestamp="12 Jul 2017 12:30:14 GMT" time="5.020" errors="0">
  <testcase name="test2Print" time="0.006" classname="MyFirstExample"/>
  <testcase name="Test1print" time="5.014" classname="MyFirstExample"/>
</testsuite> <!-- MyFirstExample -->
