<?xml version="1.0" encoding="UTF-8"?>
<!-- Generated by org.testng.reporters.JUnitReportReporter -->
<testsuite skipped="0" hostname="DESKTOP-OI89NK9" name="com.cisco.TelnetConnection.App" tests="1" failures="0" timestamp="01 Aug 2017 10:24:49 GMT" time="0.151" errors="0">
  <testcase name="CreateConnection" time="0.151" classname="com.cisco.TelnetConnection.App"/>
</testsuite> <!-- com.cisco.TelnetConnection.App -->
